#
# There is insufficient memory for the Java Runtime Environment to continue.
# Native memory allocation (mmap) failed to map 264241152 bytes for G1 virtual space
# Possible reasons:
#   The system is out of physical RAM or swap space
#   The process is running with CompressedOops enabled, and the Java Heap may be blocking the growth of the native heap
# Possible solutions:
#   Reduce memory load on the system
#   Increase physical memory or swap space
#   Check if swap backing store is full
#   Decrease Java heap size (-Xmx/-Xms)
#   Decrease number of Java threads
#   Decrease Java thread stack sizes (-Xss)
#   Set larger code cache with -XX:ReservedCodeCacheSize=
#   JVM is running with Zero Based Compressed Oops mode in which the Java heap is
#     placed in the first 32GB address space. The Java Heap base address is the
#     maximum limit for the native heap growth. Please use -XX:HeapBaseMinAddress
#     to set the Java Heap base and to place the Java Heap above 32GB virtual address.
# This output file may be truncated or incomplete.
#
#  Out of Memory Error (os_windows.cpp:3600), pid=26396, tid=21720
#
# JRE version:  (21.0.2+13) (build )
# Java VM: Java HotSpot(TM) 64-Bit Server VM (21.0.2+13-LTS-58, mixed mode, sharing, tiered, compressed oops, compressed class ptrs, g1 gc, windows-amd64)
# No core dump will be written. Minidumps are not enabled by default on client versions of Windows
#

---------------  S U M M A R Y ------------

Command Line: 

Host: 11th Gen Intel(R) Core(TM) i5-11400H @ 2.70GHz, 12 cores, 15G,  Windows 11 , 64 bit Build 26100 (10.0.26100.4202)
Time: Wed Jul 30 17:34:19 2025 Sri Lanka Standard Time elapsed time: 2.065951 seconds (0d 0h 0m 2s)

---------------  T H R E A D  ---------------

Current thread (0x0000019870528a20):  JavaThread "Unknown thread" [_thread_in_vm, id=21720, stack(0x000000409eb00000,0x000000409ec00000) (1024K)]

Stack: [0x000000409eb00000,0x000000409ec00000]
Native frames: (J=compiled Java code, j=interpreted, Vv=VM code, C=native code)
V  [jvm.dll+0x6cade9]
V  [jvm.dll+0x8569c1]
V  [jvm.dll+0x858d2e]
V  [jvm.dll+0x859413]
V  [jvm.dll+0x280e56]
V  [jvm.dll+0x6c74d5]
V  [jvm.dll+0x6bbeca]
V  [jvm.dll+0x355bca]
V  [jvm.dll+0x35d816]
V  [jvm.dll+0x3ae67e]
V  [jvm.dll+0x3ae928]
V  [jvm.dll+0x3295dc]
V  [jvm.dll+0x32a16b]
V  [jvm.dll+0x81efa9]
V  [jvm.dll+0x3bba01]
V  [jvm.dll+0x807928]
V  [jvm.dll+0x44f50e]
V  [jvm.dll+0x450e11]
C  [jli.dll+0x52a3]
C  [ucrtbase.dll+0x37b0]
C  [KERNEL32.DLL+0x2e8d7]
C  [ntdll.dll+0x3c34c]


---------------  P R O C E S S  ---------------

Threads class SMR info:
_java_thread_list=0x00007ffa2207bb88, length=0, elements={
}

Java Threads: ( => current thread )
Total: 0

Other Threads:
  0x000001987058b1c0 WorkerThread "GC Thread#0"                     [id=12960, stack(0x000000409ec00000,0x000000409ed00000) (1024K)]
  0x000001987059e390 ConcurrentGCThread "G1 Main Marker"            [id=15056, stack(0x000000409ed00000,0x000000409ee00000) (1024K)]
  0x000001987059ee90 WorkerThread "G1 Conc#0"                       [id=1104, stack(0x000000409ee00000,0x000000409ef00000) (1024K)]

[error occurred during error reporting (printing all threads), id 0xc0000005, EXCEPTION_ACCESS_VIOLATION (0xc0000005) at pc=0x00007ffa217ec6a7]
VM state: not at safepoint (not fully initialized)

VM Mutex/Monitor currently owned by a thread:  ([mutex/lock_event])
[0x00007ffa220ece68] Heap_lock - owner thread: 0x0000019870528a20

Heap address: 0x0000000704400000, size: 4028 MB, Compressed Oops mode: Zero based, Oop shift amount: 3

CDS archive(s) mapped at: [0x0000000000000000-0x0000000000000000-0x0000000000000000), size 0, SharedBaseAddress: 0x0000000800000000, ArchiveRelocationMode: 1.
Narrow klass base: 0x0000000000000000, Narrow klass shift: 0, Narrow klass range: 0x0

GC Precious Log:
 CardTable entry size: 512
 Card Set container configuration: InlinePtr #cards 4 size 8 Array Of Cards #cards 16 size 48 Howl #buckets 8 coarsen threshold 3686 Howl Bitmap #cards 512 size 80 coarsen threshold 460 Card regions per heap region 1 cards per card region 4096

Heap:
 garbage-first heap   total 0K, used 0K [0x0000000704400000, 0x0000000800000000)
  region size 2048K, 0 young (0K), 0 survivors (0K)

[error occurred during error reporting (printing heap information), id 0xc0000005, EXCEPTION_ACCESS_VIOLATION (0xc0000005) at pc=0x00007ffa21bd39f9]
GC Heap History (0 events):
No events

Dll operation events (1 events):
Event: 0.021 Loaded shared library C:\Program Files\Java\jdk-21\bin\java.dll

Deoptimization events (0 events):
No events

Classes loaded (0 events):
No events

Classes unloaded (0 events):
No events

Classes redefined (0 events):
No events

Internal exceptions (0 events):
No events

ZGC Phase Switch (0 events):
No events

VM Operations (0 events):
No events

Events (0 events):
No events


Dynamic libraries:
0x00007ff605cf0000 - 0x00007ff605d00000 	C:\Program Files\Java\jdk-21\bin\java.exe
0x00007ffaf5280000 - 0x00007ffaf54e5000 	C:\WINDOWS\SYSTEM32\ntdll.dll
0x00007ffaf3cc0000 - 0x00007ffaf3d89000 	C:\WINDOWS\System32\KERNEL32.DLL
0x00007ffaf2480000 - 0x00007ffaf2868000 	C:\WINDOWS\System32\KERNELBASE.dll
0x00007ffaf2900000 - 0x00007ffaf2a4b000 	C:\WINDOWS\System32\ucrtbase.dll
0x00007ffa6b860000 - 0x00007ffa6b879000 	C:\Program Files\Java\jdk-21\bin\jli.dll
0x00007ffa71650000 - 0x00007ffa7166b000 	C:\Program Files\Java\jdk-21\bin\VCRUNTIME140.dll
0x00007ffaf4e50000 - 0x00007ffaf4f03000 	C:\WINDOWS\System32\ADVAPI32.dll
0x00007ffaf3b40000 - 0x00007ffaf3be9000 	C:\WINDOWS\System32\msvcrt.dll
0x00007ffaf3bf0000 - 0x00007ffaf3c96000 	C:\WINDOWS\System32\sechost.dll
0x00007ffaf4830000 - 0x00007ffaf4945000 	C:\WINDOWS\System32\RPCRT4.dll
0x00007ffaf3080000 - 0x00007ffaf324a000 	C:\WINDOWS\System32\USER32.dll
0x00007ffad6f50000 - 0x00007ffad71ea000 	C:\WINDOWS\WinSxS\amd64_microsoft.windows.common-controls_6595b64144ccf1df_6.0.26100.4202_none_3e0698d4e335f517\COMCTL32.dll
0x00007ffaf2bd0000 - 0x00007ffaf2bf7000 	C:\WINDOWS\System32\win32u.dll
0x00007ffaf3e40000 - 0x00007ffaf3e6b000 	C:\WINDOWS\System32\GDI32.dll
0x00007ffaf2d60000 - 0x00007ffaf2e97000 	C:\WINDOWS\System32\gdi32full.dll
0x00007ffaf23d0000 - 0x00007ffaf2473000 	C:\WINDOWS\System32\msvcp_win.dll
0x00007ffae5c90000 - 0x00007ffae5c9b000 	C:\WINDOWS\SYSTEM32\VERSION.dll
0x00007ffaf4d60000 - 0x00007ffaf4d90000 	C:\WINDOWS\System32\IMM32.DLL
0x00007ffadc480000 - 0x00007ffadc48c000 	C:\Program Files\Java\jdk-21\bin\vcruntime140_1.dll
0x00007ffa473b0000 - 0x00007ffa4743e000 	C:\Program Files\Java\jdk-21\bin\msvcp140.dll
0x00007ffa214b0000 - 0x00007ffa221c7000 	C:\Program Files\Java\jdk-21\bin\server\jvm.dll
0x00007ffaf32d0000 - 0x00007ffaf3344000 	C:\WINDOWS\System32\WS2_32.dll
0x00007ffaf0fb0000 - 0x00007ffaf100e000 	C:\WINDOWS\SYSTEM32\POWRPROF.dll
0x00007ffae6290000 - 0x00007ffae62c5000 	C:\WINDOWS\SYSTEM32\WINMM.dll
0x00007ffaf0f90000 - 0x00007ffaf0fa4000 	C:\WINDOWS\SYSTEM32\UMPDC.dll
0x00007ffaf1270000 - 0x00007ffaf128b000 	C:\WINDOWS\SYSTEM32\kernel.appcore.dll
0x00007ffadc140000 - 0x00007ffadc14a000 	C:\Program Files\Java\jdk-21\bin\jimage.dll
0x00007ffaef8c0000 - 0x00007ffaefb01000 	C:\WINDOWS\SYSTEM32\DBGHELP.DLL
0x00007ffaf49d0000 - 0x00007ffaf4d55000 	C:\WINDOWS\System32\combase.dll
0x00007ffaf3450000 - 0x00007ffaf3531000 	C:\WINDOWS\System32\OLEAUT32.dll
0x00007ffab5d00000 - 0x00007ffab5d39000 	C:\WINDOWS\SYSTEM32\dbgcore.DLL
0x00007ffaf2cc0000 - 0x00007ffaf2d59000 	C:\WINDOWS\System32\bcryptPrimitives.dll
0x00007ffa6b290000 - 0x00007ffa6b2af000 	C:\Program Files\Java\jdk-21\bin\java.dll

dbghelp: loaded successfully - version: 4.0.5 - missing functions: none
symbol engine: initialized successfully - sym options: 0x614 - pdb path: .;C:\Program Files\Java\jdk-21\bin;C:\WINDOWS\SYSTEM32;C:\WINDOWS\WinSxS\amd64_microsoft.windows.common-controls_6595b64144ccf1df_6.0.26100.4202_none_3e0698d4e335f517;C:\Program Files\Java\jdk-21\bin\server

VM Arguments:
java_command: <unknown>
java_class_path (initial): <not set>
Launcher Type: SUN_STANDARD

[Global flags]
     intx CICompilerCount                          = 4                                         {product} {ergonomic}
     uint ConcGCThreads                            = 3                                         {product} {ergonomic}
     uint G1ConcRefinementThreads                  = 10                                        {product} {ergonomic}
   size_t G1HeapRegionSize                         = 2097152                                   {product} {ergonomic}
    uintx GCDrainStackTargetSize                   = 64                                        {product} {ergonomic}
   size_t InitialHeapSize                          = 264241152                                 {product} {ergonomic}
   size_t MarkStackSize                            = 4194304                                   {product} {ergonomic}
   size_t MaxHeapSize                              = 4223664128                                {product} {ergonomic}
   size_t MinHeapDeltaBytes                        = 2097152                                   {product} {ergonomic}
   size_t MinHeapSize                              = 8388608                                   {product} {ergonomic}
    uintx NonNMethodCodeHeapSize                   = 5839372                                {pd product} {ergonomic}
    uintx NonProfiledCodeHeapSize                  = 122909434                              {pd product} {ergonomic}
    uintx ProfiledCodeHeapSize                     = 122909434                              {pd product} {ergonomic}
    uintx ReservedCodeCacheSize                    = 251658240                              {pd product} {ergonomic}
     bool SegmentedCodeCache                       = true                                      {product} {ergonomic}
   size_t SoftMaxHeapSize                          = 4223664128                             {manageable} {ergonomic}
     bool UseCompressedOops                        = true                           {product lp64_product} {ergonomic}
     bool UseG1GC                                  = true                                      {product} {ergonomic}
     bool UseLargePagesIndividualAllocation        = false                                  {pd product} {ergonomic}

Logging:
Log output configuration:
 #0: stdout all=warning uptime,level,tags foldmultilines=false
 #1: stderr all=off uptime,level,tags foldmultilines=false

Environment Variables:
PATH=C:\Python313\Scripts\;C:\Python313\;C:\Program Files\Python311\Scripts\;C:\Program Files\Python311\;C:\Program Files\Common Files\Oracle\Java\javapath;C:\Program Files (x86)\Common Files\Oracle\Java\java8path;C:\Program Files (x86)\Common Files\Oracle\Java\javapath;C:\Windows\system32;C:\Windows;C:\Windows\System32\Wbem;C:\Windows\System32\WindowsPowerShell\v1.0\;C:\Windows\System32\OpenSSH\;C:\Program Files\dotnet\;C:\Program Files (x86)\NVIDIA Corporation\PhysX\Common;C:\Program Files\NVIDIA Corporation\NVIDIA app\NvDLISR;C:\WINDOWS\system32;C:\WINDOWS;C:\WINDOWS\System32\Wbem;C:\WINDOWS\System32\WindowsPowerShell\v1.0\;C:\WINDOWS\System32\OpenSSH\;C:\Program Files\Git\cmd;c:\Users\KESHAN\AppData\Local\Programs\cursor\resources\app\bin;C:\Program Files\nodejs\;C:\ProgramData\chocolatey\bin;C:\Program Files\Apache\Maven\apache-maven-3.9.11\bin;C:\Users\KESHAN\AppData\Local\Microsoft\WindowsApps;C:\Users\KESHAN\AppData\Local\Programs\Microsoft VS Code\bin;C:\Program Files\JetBrains\IntelliJ IDEA Community Edition 2023.3.5\bin;;C:\Program Files\Java\jdk-21\bin;C:\Users\KESHAN\AppData\Local\GitHubDesktop\bin;C:\Users\KESHAN\AppData\Roaming\npm
USERNAME=KESHAN
OS=Windows_NT
PROCESSOR_IDENTIFIER=Intel64 Family 6 Model 141 Stepping 1, GenuineIntel
TMP=C:\Users\KESHAN\AppData\Local\Temp
TEMP=C:\Users\KESHAN\AppData\Local\Temp




Periodic native trim disabled

---------------  S Y S T E M  ---------------

OS:
 Windows 11 , 64 bit Build 26100 (10.0.26100.4202)
OS uptime: 4 days 0:55 hours
Hyper-V role detected

CPU: total 12 (initial active 12) (6 cores per cpu, 2 threads per core) family 6 model 141 stepping 1 microcode 0x50, cx8, cmov, fxsr, ht, mmx, 3dnowpref, sse, sse2, sse3, ssse3, sse4.1, sse4.2, popcnt, lzcnt, tsc, tscinvbit, avx, avx2, aes, erms, clmul, bmi1, bmi2, adx, avx512f, avx512dq, avx512cd, avx512bw, avx512vl, sha, fma, vzeroupper, avx512_vpopcntdq, avx512_vpclmulqdq, avx512_vaes, avx512_vnni, clflush, clflushopt, clwb, avx512_vbmi2, avx512_vbmi, hv, rdtscp, rdpid, fsrm, gfni, avx512_bitalg, f16c, cet_ibt, cet_ss, avx512_ifma
Processor Information for all 12 processors :
  Max Mhz: 2688, Current Mhz: 2688, Mhz Limit: 2688

Memory: 4k page, system-wide physical 16105M (1980M free)
TotalPageFile size 41602M (AvailPageFile size 137M)
current process WorkingSet (physical memory assigned to process): 12M, peak: 12M
current process commit charge ("private bytes"): 64M, peak: 316M

vm_info: Java HotSpot(TM) 64-Bit Server VM (21.0.2+13-LTS-58) for windows-amd64 JRE (21.0.2+13-LTS-58), built on 2024-01-05T18:32:24Z by "mach5one" with MS VC++ 17.1 (VS2022)

END.
